<?xml version="1.0" encoding="UTF-8"?>
<!-- Generated by org.testng.reporters.JUnitReportReporter -->
<testsuite hostname="DESKTOP-DUFVKRL" name="com.erin.easyhrp.testcase.login" tests="2" failures="0" timestamp="22 Jan 2019 07:00:50 GMT" time="0.981" errors="0">
  <testcase name="login" time="0.413" classname="com.erin.easyhrp.testcase.login"/>
  <testcase name="getLoginHome" time="0.568" classname="com.erin.easyhrp.testcase.login"/>
</testsuite> <!-- com.erin.easyhrp.testcase.login -->
